<?xml version="1.0" encoding="UTF-8"?>
<!-- Generated by org.testng.reporters.JUnitReportReporter -->
<testsuite hostname="DESKTOP-ND5IK9R" failures="0" tests="1" name="com.sevenmartsupermarket.tests.ManageDeliveryBoyTest" time="12.132" errors="0" timestamp="2023-10-24T14:49:26 IST" skipped="0">
  <testcase classname="com.sevenmartsupermarket.tests.ManageDeliveryBoyTest" name="verifyAddNewDeliveryBoy" time="12.132"/>
  <system-out/>
</testsuite> <!-- com.sevenmartsupermarket.tests.ManageDeliveryBoyTest -->
