<?xml version="1.0" encoding="UTF-8"?>
<!-- Generated by org.testng.reporters.JUnitReportReporter -->
<testsuite hostname="DESKTOP-ND5IK9R" failures="0" tests="1" name="com.sevenmartsupermarket.tests.HomeTest" time="9.841" errors="0" timestamp="2023-10-24T15:16:16 IST" skipped="0">
  <testcase classname="com.sevenmartsupermarket.tests.HomeTest" name="verifyCardTitle" time="9.841"/>
  <system-out/>
</testsuite> <!-- com.sevenmartsupermarket.tests.HomeTest -->
