<?xml version="1.0" encoding="UTF-8"?>
<!-- Generated by org.testng.reporters.JUnitReportReporter -->
<testsuite hostname="DESKTOP-ND5IK9R" failures="0" tests="1" name="com.sevenmartsupermarket.tests.PushNotificationsTest" time="12.065" errors="0" timestamp="2023-10-24T14:45:41 IST" skipped="0">
  <testcase classname="com.sevenmartsupermarket.tests.PushNotificationsTest" name="verifyClickPushNotificationsLink" time="12.065"/>
  <system-out/>
</testsuite> <!-- com.sevenmartsupermarket.tests.PushNotificationsTest -->
