<?xml version="1.0" encoding="UTF-8"?>
<!-- Generated by org.testng.reporters.JUnitReportReporter -->
<testsuite hostname="DESKTOP-ND5IK9R" failures="0" tests="2" name="com.sevenmartsupermarket.tests.ManageLocationTest" time="16.827" errors="0" timestamp="2023-10-24T14:50:40 IST" skipped="0">
  <testcase classname="com.sevenmartsupermarket.tests.ManageLocationTest" name="verifyListLocationsPageHeadingText" time="6.929"/>
  <system-out/>
  <testcase classname="com.sevenmartsupermarket.tests.ManageLocationTest" name="verifyListLocationsPageHeadingPresent" time="9.898"/>
  <system-out/>
</testsuite> <!-- com.sevenmartsupermarket.tests.ManageLocationTest -->
