<?xml version="1.0" encoding="UTF-8"?>
<!-- Generated by org.testng.reporters.JUnitReportReporter -->
<testsuite hostname="DESKTOP-ND5IK9R" failures="0" tests="1" name="com.sevenmartsupermarket.tests.LoginTest" time="31.928" errors="0" timestamp="2023-10-23T19:41:34 IST" skipped="0">
  <testcase classname="com.sevenmartsupermarket.tests.LoginTest" name="verifyLogin" time="31.928"/>
  <system-out/>
</testsuite> <!-- com.sevenmartsupermarket.tests.LoginTest -->
